WPS debug mode enabled.
Rockbox compiled with SDL 2.32.10 but running on SDL 2.32.10
SDL Audio Drivers supported:
   wasapi (active)
   directsound 
   winmm 
   disk 
   dummy 
SDL Audio Devices present:
  'Realtek Digital Output (2- Realtek(R) Audio)'
  'Speakers (Steam Streaming Microphone)'
  'LG ULTRAGEAR+ (2- NVIDIA High Definition Audio)'
  'Speakers (2- Realtek(R) Audio)'
  'Speakers (Steam Streaming Speakers)'
Error on line 279.
%Vl(home_lock_sleep,-52,10,53,18,8)
^ 'Parser callback returned error' Here
Error on line 276.
%Vl(lock_sleep,-52,10,53,18,3)
^ 'Parser callback returned error' Here
Mouse at 2: (160, 63)
Mouse at 2: (160, 63)
Mouse at 2: (160, 63)
Mouse at 2: (160, 63)
Mouse at 2: (160, 63)
Mouse at 2: (160, 63)
Mouse at 2: (160, 63)
Mouse at 2: (160, 63)
Mouse at 2: (160, 63)
Mouse at 2: (160, 63)
Mouse at 2: (160, 63)
Mouse at 2: (160, 63)
Mouse at 2: (162, 68)
